root@7c8225d3a0d0:/hadoop-data/wordcount# jar cvf wc.jar stubs/*.class
added manifest
adding: stubs/SumReducer.class(in = 1596) (out= 672)(deflated 57%)
adding: stubs/WordCount.class(in = 1681) (out= 897)(deflated 46%)
adding: stubs/WordMapper.class(in = 1705) (out= 711)(deflated 58%)
root@7c8225d3a0d0:/hadoop-data/wordcount# hadoop jar wc.jar stubs.WordCount /exercise/shakespeare /wordcounts
2025-01-13 20:00:13,973 INFO impl.MetricsConfig: Loaded properties from hadoop-metrics2.properties
2025-01-13 20:00:14,070 INFO impl.MetricsSystemImpl: Scheduled Metric snapshot period at 10 second(s).
2025-01-13 20:00:14,071 INFO impl.MetricsSystemImpl: JobTracker metrics system started
2025-01-13 20:00:14,266 WARN mapreduce.JobResourceUploader: Hadoop command-line option parsing not performed. Implement the Tool interface and execute your application with ToolRunner to remedy this.
2025-01-13 20:00:14,376 INFO input.FileInputFormat: Total input files to process : 4
2025-01-13 20:00:14,398 INFO mapreduce.JobSubmitter: number of splits:4
2025-01-13 20:00:14,520 INFO mapreduce.JobSubmitter: Submitting tokens for job: job_local581210914_0001
2025-01-13 20:00:14,520 INFO mapreduce.JobSubmitter: Executing with tokens: []
2025-01-13 20:00:14,652 INFO mapreduce.Job: The url to track the job: http://localhost:8080/
2025-01-13 20:00:14,653 INFO mapreduce.Job: Running job: job_local581210914_0001
2025-01-13 20:00:14,655 INFO mapred.LocalJobRunner: OutputCommitter set in config null
2025-01-13 20:00:14,660 INFO output.FileOutputCommitter: File Output Committer Algorithm version is 2
2025-01-13 20:00:14,660 INFO output.FileOutputCommitter: FileOutputCommitter skip cleanup _temporary folders under output directory:false, ignore cleanup failures: false
2025-01-13 20:00:14,661 INFO mapred.LocalJobRunner: OutputCommitter is org.apache.hadoop.mapreduce.lib.output.FileOutputCommitter
2025-01-13 20:00:14,704 INFO mapred.LocalJobRunner: Waiting for map tasks
2025-01-13 20:00:14,705 INFO mapred.LocalJobRunner: Starting task: attempt_local581210914_0001_m_000000_0
2025-01-13 20:00:14,721 INFO output.FileOutputCommitter: File Output Committer Algorithm version is 2
2025-01-13 20:00:14,721 INFO output.FileOutputCommitter: FileOutputCommitter skip cleanup _temporary folders under output directory:false, ignore cleanup failures: false
2025-01-13 20:00:14,780 INFO mapred.Task:  Using ResourceCalculatorProcessTree : [ ]
2025-01-13 20:00:14,785 INFO mapred.MapTask: Processing split: hdfs://localhost:9000/exercise/shakespeare/comedies:0+1784616
2025-01-13 20:00:14,824 INFO mapred.MapTask: (EQUATOR) 0 kvi 26214396(104857584)
2025-01-13 20:00:14,824 INFO mapred.MapTask: mapreduce.task.io.sort.mb: 100
2025-01-13 20:00:14,824 INFO mapred.MapTask: soft limit at 83886080
2025-01-13 20:00:14,824 INFO mapred.MapTask: bufstart = 0; bufvoid = 104857600
2025-01-13 20:00:14,824 INFO mapred.MapTask: kvstart = 26214396; length = 6553600
2025-01-13 20:00:14,831 INFO mapred.MapTask: Map output collector class = org.apache.hadoop.mapred.MapTask$MapOutputBuffer
2025-01-13 20:00:14,859 INFO sasl.SaslDataTransferClient: SASL encryption trust check: localHostTrusted = false, remoteHostTrusted = false
2025-01-13 20:00:15,327 INFO mapred.LocalJobRunner: 
2025-01-13 20:00:15,329 INFO mapred.MapTask: Starting flush of map output
2025-01-13 20:00:15,330 INFO mapred.MapTask: Spilling map output
2025-01-13 20:00:15,330 INFO mapred.MapTask: bufstart = 0; bufend = 2977801; bufvoid = 104857600
2025-01-13 20:00:15,330 INFO mapred.MapTask: kvstart = 26214396(104857584); kvend = 24898524(99594096); length = 1315873/6553600
2025-01-13 20:00:15,646 INFO mapred.MapTask: Finished spill 0
2025-01-13 20:00:15,660 INFO mapreduce.Job: Job job_local581210914_0001 running in uber mode : false
2025-01-13 20:00:15,662 INFO mapreduce.Job:  map 0% reduce 0%
2025-01-13 20:00:15,663 INFO mapred.Task: Task:attempt_local581210914_0001_m_000000_0 is done. And is in the process of committing
2025-01-13 20:00:15,673 INFO mapred.LocalJobRunner: map
2025-01-13 20:00:15,673 INFO mapred.Task: Task 'attempt_local581210914_0001_m_000000_0' done.
2025-01-13 20:00:15,678 INFO mapred.Task: Final Counters for attempt_local581210914_0001_m_000000_0: Counters: 23
        File System Counters
                FILE: Number of bytes read=3611
                FILE: Number of bytes written=4156039
                FILE: Number of read operations=0
                FILE: Number of large read operations=0
                FILE: Number of write operations=0
                HDFS: Number of bytes read=1784616
                HDFS: Number of bytes written=0
                HDFS: Number of read operations=5
                HDFS: Number of large read operations=0
                HDFS: Number of write operations=1
                HDFS: Number of bytes read erasure-coded=0
        Map-Reduce Framework
                Map input records=59497
                Map output records=328969
                Map output bytes=2977801
                Map output materialized bytes=3635745
                Input split bytes=116
                Combine input records=0
                Spilled Records=328969
                Failed Shuffles=0
                Merged Map outputs=0
                GC time elapsed (ms)=8
                Total committed heap usage (bytes)=367001600
        File Input Format Counters 
                Bytes Read=1784616
2025-01-13 20:00:15,678 INFO mapred.LocalJobRunner: Finishing task: attempt_local581210914_0001_m_000000_0
2025-01-13 20:00:15,678 INFO mapred.LocalJobRunner: Starting task: attempt_local581210914_0001_m_000001_0
2025-01-13 20:00:15,680 INFO output.FileOutputCommitter: File Output Committer Algorithm version is 2
2025-01-13 20:00:15,680 INFO output.FileOutputCommitter: FileOutputCommitter skip cleanup _temporary folders under output directory:false, ignore cleanup failures: false
2025-01-13 20:00:15,681 INFO mapred.Task:  Using ResourceCalculatorProcessTree : [ ]
2025-01-13 20:00:15,685 INFO mapred.MapTask: Processing split: hdfs://localhost:9000/exercise/shakespeare/tragedies:0+1752440
2025-01-13 20:00:15,690 INFO mapred.MapTask: (EQUATOR) 0 kvi 26214396(104857584)
2025-01-13 20:00:15,690 INFO mapred.MapTask: mapreduce.task.io.sort.mb: 100
2025-01-13 20:00:15,690 INFO mapred.MapTask: soft limit at 83886080
2025-01-13 20:00:15,690 INFO mapred.MapTask: bufstart = 0; bufvoid = 104857600
2025-01-13 20:00:15,690 INFO mapred.MapTask: kvstart = 26214396; length = 6553600
2025-01-13 20:00:15,691 INFO mapred.MapTask: Map output collector class = org.apache.hadoop.mapred.MapTask$MapOutputBuffer
2025-01-13 20:00:16,018 INFO mapred.LocalJobRunner: 
2025-01-13 20:00:16,019 INFO mapred.MapTask: Starting flush of map output
2025-01-13 20:00:16,019 INFO mapred.MapTask: Spilling map output
2025-01-13 20:00:16,020 INFO mapred.MapTask: bufstart = 0; bufend = 2889872; bufvoid = 104857600
2025-01-13 20:00:16,020 INFO mapred.MapTask: kvstart = 26214396(104857584); kvend = 24947648(99790592); length = 1266749/6553600
2025-01-13 20:00:16,223 INFO mapred.MapTask: Finished spill 0
2025-01-13 20:00:16,228 INFO mapred.Task: Task:attempt_local581210914_0001_m_000001_0 is done. And is in the process of committing
2025-01-13 20:00:16,236 INFO mapred.LocalJobRunner: map
2025-01-13 20:00:16,236 INFO mapred.Task: Task 'attempt_local581210914_0001_m_000001_0' done.
2025-01-13 20:00:16,236 INFO mapred.Task: Final Counters for attempt_local581210914_0001_m_000001_0: Counters: 23
        File System Counters
                FILE: Number of bytes read=4093
                FILE: Number of bytes written=7679325
                FILE: Number of read operations=0
                FILE: Number of large read operations=0
                FILE: Number of write operations=0
                HDFS: Number of bytes read=3537056
                HDFS: Number of bytes written=0
                HDFS: Number of read operations=7
                HDFS: Number of large read operations=0
                HDFS: Number of write operations=1
                HDFS: Number of bytes read erasure-coded=0
        Map-Reduce Framework
                Map input records=60292
                Map output records=316688
                Map output bytes=2889872
                Map output materialized bytes=3523254
                Input split bytes=117
                Combine input records=0
                Spilled Records=316688
                Failed Shuffles=0
                Merged Map outputs=0
                GC time elapsed (ms)=125
                Total committed heap usage (bytes)=471859200
        File Input Format Counters 
                Bytes Read=1752440
2025-01-13 20:00:16,237 INFO mapred.LocalJobRunner: Finishing task: attempt_local581210914_0001_m_000001_0
2025-01-13 20:00:16,237 INFO mapred.LocalJobRunner: Starting task: attempt_local581210914_0001_m_000002_0
2025-01-13 20:00:16,239 INFO output.FileOutputCommitter: File Output Committer Algorithm version is 2
2025-01-13 20:00:16,239 INFO output.FileOutputCommitter: FileOutputCommitter skip cleanup _temporary folders under output directory:false, ignore cleanup failures: false
2025-01-13 20:00:16,240 INFO mapred.Task:  Using ResourceCalculatorProcessTree : [ ]
2025-01-13 20:00:16,242 INFO mapred.MapTask: Processing split: hdfs://localhost:9000/exercise/shakespeare/histories:0+1479035
2025-01-13 20:00:16,253 INFO mapred.MapTask: (EQUATOR) 0 kvi 26214396(104857584)
2025-01-13 20:00:16,253 INFO mapred.MapTask: mapreduce.task.io.sort.mb: 100
2025-01-13 20:00:16,253 INFO mapred.MapTask: soft limit at 83886080
2025-01-13 20:00:16,253 INFO mapred.MapTask: bufstart = 0; bufvoid = 104857600
2025-01-13 20:00:16,253 INFO mapred.MapTask: kvstart = 26214396; length = 6553600
2025-01-13 20:00:16,254 INFO mapred.MapTask: Map output collector class = org.apache.hadoop.mapred.MapTask$MapOutputBuffer
2025-01-13 20:00:16,501 INFO mapred.LocalJobRunner: 
2025-01-13 20:00:16,503 INFO mapred.MapTask: Starting flush of map output
2025-01-13 20:00:16,503 INFO mapred.MapTask: Spilling map output
2025-01-13 20:00:16,504 INFO mapred.MapTask: bufstart = 0; bufend = 2458259; bufvoid = 104857600
2025-01-13 20:00:16,504 INFO mapred.MapTask: kvstart = 26214396(104857584); kvend = 25140064(100560256); length = 1074333/6553600
2025-01-13 20:00:16,666 INFO mapreduce.Job:  map 50% reduce 0%
2025-01-13 20:00:16,681 INFO mapred.MapTask: Finished spill 0
2025-01-13 20:00:16,686 INFO mapred.Task: Task:attempt_local581210914_0001_m_000002_0 is done. And is in the process of committing
2025-01-13 20:00:16,696 INFO mapred.LocalJobRunner: map
2025-01-13 20:00:16,696 INFO mapred.Task: Task 'attempt_local581210914_0001_m_000002_0' done.
2025-01-13 20:00:16,697 INFO mapred.Task: Final Counters for attempt_local581210914_0001_m_000002_0: Counters: 23
        File System Counters
                FILE: Number of bytes read=4575
                FILE: Number of bytes written=10674790
                FILE: Number of read operations=0
                FILE: Number of large read operations=0
                FILE: Number of write operations=0
                HDFS: Number of bytes read=5016091
                HDFS: Number of bytes written=0
                HDFS: Number of read operations=9
                HDFS: Number of large read operations=0
                HDFS: Number of write operations=1
                HDFS: Number of bytes read erasure-coded=0
        Map-Reduce Framework
                Map input records=46029
                Map output records=268584
                Map output bytes=2458259
                Map output materialized bytes=2995433
                Input split bytes=117
                Combine input records=0
                Spilled Records=268584
                Failed Shuffles=0
                Merged Map outputs=0
                GC time elapsed (ms)=80
                Total committed heap usage (bytes)=636485632
        File Input Format Counters 
                Bytes Read=1479035
2025-01-13 20:00:16,697 INFO mapred.LocalJobRunner: Finishing task: attempt_local581210914_0001_m_000002_0
2025-01-13 20:00:16,697 INFO mapred.LocalJobRunner: Starting task: attempt_local581210914_0001_m_000003_0
2025-01-13 20:00:16,701 INFO output.FileOutputCommitter: File Output Committer Algorithm version is 2
2025-01-13 20:00:16,701 INFO output.FileOutputCommitter: FileOutputCommitter skip cleanup _temporary folders under output directory:false, ignore cleanup failures: false
2025-01-13 20:00:16,702 INFO mapred.Task:  Using ResourceCalculatorProcessTree : [ ]
2025-01-13 20:00:16,706 INFO mapred.MapTask: Processing split: hdfs://localhost:9000/exercise/shakespeare/poems:0+268140
2025-01-13 20:00:16,716 INFO mapred.MapTask: (EQUATOR) 0 kvi 26214396(104857584)
2025-01-13 20:00:16,716 INFO mapred.MapTask: mapreduce.task.io.sort.mb: 100
2025-01-13 20:00:16,716 INFO mapred.MapTask: soft limit at 83886080
2025-01-13 20:00:16,716 INFO mapred.MapTask: bufstart = 0; bufvoid = 104857600
2025-01-13 20:00:16,716 INFO mapred.MapTask: kvstart = 26214396; length = 6553600
2025-01-13 20:00:16,718 INFO mapred.MapTask: Map output collector class = org.apache.hadoop.mapred.MapTask$MapOutputBuffer
2025-01-13 20:00:16,761 INFO mapred.LocalJobRunner: 
2025-01-13 20:00:16,762 INFO mapred.MapTask: Starting flush of map output
2025-01-13 20:00:16,762 INFO mapred.MapTask: Spilling map output
2025-01-13 20:00:16,762 INFO mapred.MapTask: bufstart = 0; bufend = 458198; bufvoid = 104857600
2025-01-13 20:00:16,762 INFO mapred.MapTask: kvstart = 26214396(104857584); kvend = 26013552(104054208); length = 200845/6553600
2025-01-13 20:00:16,798 INFO mapred.MapTask: Finished spill 0
2025-01-13 20:00:16,802 INFO mapred.Task: Task:attempt_local581210914_0001_m_000003_0 is done. And is in the process of committing
2025-01-13 20:00:16,808 INFO mapred.LocalJobRunner: map
2025-01-13 20:00:16,808 INFO mapred.Task: Task 'attempt_local581210914_0001_m_000003_0' done.
2025-01-13 20:00:16,809 INFO mapred.Task: Final Counters for attempt_local581210914_0001_m_000003_0: Counters: 23
        File System Counters
                FILE: Number of bytes read=5057
                FILE: Number of bytes written=11233450
                FILE: Number of read operations=0
                FILE: Number of large read operations=0
                FILE: Number of write operations=0
                HDFS: Number of bytes read=5284231
                HDFS: Number of bytes written=0
                HDFS: Number of read operations=11
                HDFS: Number of large read operations=0
                HDFS: Number of write operations=1
                HDFS: Number of bytes read erasure-coded=0
        Map-Reduce Framework
                Map input records=7308
                Map output records=50212
                Map output bytes=458198
                Map output materialized bytes=558628
                Input split bytes=113
                Combine input records=0
                Spilled Records=50212
                Failed Shuffles=0
                Merged Map outputs=0
                GC time elapsed (ms)=0
                Total committed heap usage (bytes)=636485632
        File Input Format Counters 
                Bytes Read=268140
2025-01-13 20:00:16,809 INFO mapred.LocalJobRunner: Finishing task: attempt_local581210914_0001_m_000003_0
2025-01-13 20:00:16,810 INFO mapred.LocalJobRunner: map task executor complete.
2025-01-13 20:00:16,832 INFO mapred.LocalJobRunner: Waiting for reduce tasks
2025-01-13 20:00:16,832 INFO mapred.LocalJobRunner: Starting task: attempt_local581210914_0001_r_000000_0
2025-01-13 20:00:16,854 INFO output.FileOutputCommitter: File Output Committer Algorithm version is 2
2025-01-13 20:00:16,854 INFO output.FileOutputCommitter: FileOutputCommitter skip cleanup _temporary folders under output directory:false, ignore cleanup failures: false
2025-01-13 20:00:16,854 INFO mapred.Task:  Using ResourceCalculatorProcessTree : [ ]
2025-01-13 20:00:16,857 INFO mapred.ReduceTask: Using ShuffleConsumerPlugin: org.apache.hadoop.mapreduce.task.reduce.Shuffle@5fab03f9
2025-01-13 20:00:16,858 WARN impl.MetricsSystemImpl: JobTracker metrics system already initialized!
2025-01-13 20:00:16,888 INFO reduce.MergeManagerImpl: MergerManager: memoryLimit=639683776, maxSingleShuffleLimit=159920944, mergeThreshold=422191296, ioSortFactor=10, memToMemMergeOutputsThreshold=10
2025-01-13 20:00:16,890 INFO reduce.EventFetcher: attempt_local581210914_0001_r_000000_0 Thread started: EventFetcher for fetching Map Completion Events
2025-01-13 20:00:16,932 INFO reduce.LocalFetcher: localfetcher#1 about to shuffle output of map attempt_local581210914_0001_m_000000_0 decomp: 3635741 len: 3635745 to MEMORY
2025-01-13 20:00:16,940 INFO reduce.InMemoryMapOutput: Read 3635741 bytes from map-output for attempt_local581210914_0001_m_000000_0
2025-01-13 20:00:16,941 INFO reduce.MergeManagerImpl: closeInMemoryFile -> map-output of size: 3635741, inMemoryMapOutputs.size() -> 1, commitMemory -> 0, usedMemory ->3635741
2025-01-13 20:00:16,949 INFO reduce.LocalFetcher: localfetcher#1 about to shuffle output of map attempt_local581210914_0001_m_000001_0 decomp: 3523250 len: 3523254 to MEMORY
2025-01-13 20:00:16,953 INFO reduce.InMemoryMapOutput: Read 3523250 bytes from map-output for attempt_local581210914_0001_m_000001_0
2025-01-13 20:00:16,953 INFO reduce.MergeManagerImpl: closeInMemoryFile -> map-output of size: 3523250, inMemoryMapOutputs.size() -> 2, commitMemory -> 3635741, usedMemory ->7158991
2025-01-13 20:00:16,955 INFO reduce.LocalFetcher: localfetcher#1 about to shuffle output of map attempt_local581210914_0001_m_000002_0 decomp: 2995429 len: 2995433 to MEMORY
2025-01-13 20:00:16,957 INFO reduce.InMemoryMapOutput: Read 2995429 bytes from map-output for attempt_local581210914_0001_m_000002_0
2025-01-13 20:00:16,958 INFO reduce.MergeManagerImpl: closeInMemoryFile -> map-output of size: 2995429, inMemoryMapOutputs.size() -> 3, commitMemory -> 7158991, usedMemory ->10154420
2025-01-13 20:00:16,960 INFO reduce.LocalFetcher: localfetcher#1 about to shuffle output of map attempt_local581210914_0001_m_000003_0 decomp: 558624 len: 558628 to MEMORY
2025-01-13 20:00:16,961 INFO reduce.InMemoryMapOutput: Read 558624 bytes from map-output for attempt_local581210914_0001_m_000003_0
2025-01-13 20:00:16,961 INFO reduce.MergeManagerImpl: closeInMemoryFile -> map-output of size: 558624, inMemoryMapOutputs.size() -> 4, commitMemory -> 10154420, usedMemory ->10713044
2025-01-13 20:00:16,962 INFO reduce.EventFetcher: EventFetcher is interrupted.. Returning
2025-01-13 20:00:16,966 INFO mapred.LocalJobRunner: 4 / 4 copied.
2025-01-13 20:00:16,967 INFO reduce.MergeManagerImpl: finalMerge called with 4 in-memory map-outputs and 0 on-disk map-outputs
2025-01-13 20:00:16,991 INFO mapred.Merger: Merging 4 sorted segments
2025-01-13 20:00:16,992 INFO mapred.Merger: Down to the last merge-pass, with 4 segments left of total size: 10713028 bytes
2025-01-13 20:00:17,234 INFO reduce.MergeManagerImpl: Merged 4 segments, 10713044 bytes to disk to satisfy reduce memory limit
2025-01-13 20:00:17,240 INFO reduce.MergeManagerImpl: Merging 1 files, 10713042 bytes from disk
2025-01-13 20:00:17,244 INFO reduce.MergeManagerImpl: Merging 0 segments, 0 bytes from memory into reduce
2025-01-13 20:00:17,245 INFO mapred.Merger: Merging 1 sorted segments
2025-01-13 20:00:17,246 INFO mapred.Merger: Down to the last merge-pass, with 1 segments left of total size: 10713034 bytes
2025-01-13 20:00:17,248 INFO mapred.LocalJobRunner: 4 / 4 copied.
2025-01-13 20:00:17,303 INFO Configuration.deprecation: mapred.skip.on is deprecated. Instead, use mapreduce.job.skiprecords
2025-01-13 20:00:17,485 INFO sasl.SaslDataTransferClient: SASL encryption trust check: localHostTrusted = false, remoteHostTrusted = false
2025-01-13 20:00:17,671 INFO mapreduce.Job:  map 100% reduce 0%
2025-01-13 20:00:18,138 INFO mapred.Task: Task:attempt_local581210914_0001_r_000000_0 is done. And is in the process of committing
2025-01-13 20:00:18,160 INFO mapred.LocalJobRunner: 4 / 4 copied.
2025-01-13 20:00:18,160 INFO mapred.Task: Task attempt_local581210914_0001_r_000000_0 is allowed to commit now
2025-01-13 20:00:18,205 INFO output.FileOutputCommitter: Saved output of task 'attempt_local581210914_0001_r_000000_0' to hdfs://localhost:9000/wordcounts
2025-01-13 20:00:18,208 INFO mapred.LocalJobRunner: reduce > reduce
2025-01-13 20:00:18,208 INFO mapred.Task: Task 'attempt_local581210914_0001_r_000000_0' done.
2025-01-13 20:00:18,212 INFO mapred.Task: Final Counters for attempt_local581210914_0001_r_000000_0: Counters: 30
        File System Counters
                FILE: Number of bytes read=21431287
                FILE: Number of bytes written=21946492
                FILE: Number of read operations=0
                FILE: Number of large read operations=0
                FILE: Number of write operations=0
                HDFS: Number of bytes read=5284231
                HDFS: Number of bytes written=299379
                HDFS: Number of read operations=16
                HDFS: Number of large read operations=0
                HDFS: Number of write operations=3
                HDFS: Number of bytes read erasure-coded=0
        Map-Reduce Framework
                Combine input records=0
                Combine output records=0
                Reduce input groups=29183
                Reduce shuffle bytes=10713060
                Reduce input records=964453
                Reduce output records=29183
                Spilled Records=964453
                Shuffled Maps =4
                Failed Shuffles=0
                Merged Map outputs=4
                GC time elapsed (ms)=0
                Total committed heap usage (bytes)=636485632
        Shuffle Errors
                BAD_ID=0
                CONNECTION=0
                IO_ERROR=0
                WRONG_LENGTH=0
                WRONG_MAP=0
                WRONG_REDUCE=0
        File Output Format Counters 
                Bytes Written=299379
2025-01-13 20:00:18,212 INFO mapred.LocalJobRunner: Finishing task: attempt_local581210914_0001_r_000000_0
2025-01-13 20:00:18,212 INFO mapred.LocalJobRunner: reduce task executor complete.
2025-01-13 20:00:18,677 INFO mapreduce.Job:  map 100% reduce 100%
2025-01-13 20:00:18,681 INFO mapreduce.Job: Job job_local581210914_0001 completed successfully
2025-01-13 20:00:18,751 INFO mapreduce.Job: Counters: 36
        File System Counters
                FILE: Number of bytes read=21448623
                FILE: Number of bytes written=55690096
                FILE: Number of read operations=0
                FILE: Number of large read operations=0
                FILE: Number of write operations=0
                HDFS: Number of bytes read=20906225
                HDFS: Number of bytes written=299379
                HDFS: Number of read operations=48
                HDFS: Number of large read operations=0
                HDFS: Number of write operations=7
                HDFS: Number of bytes read erasure-coded=0
        Map-Reduce Framework
                Map input records=173126
                Map output records=964453
                Map output bytes=8784130
                Map output materialized bytes=10713060
                Input split bytes=463
                Combine input records=0
                Combine output records=0
                Reduce input groups=29183
                Reduce shuffle bytes=10713060
                Reduce input records=964453
                Reduce output records=29183
                Spilled Records=1928906
                Shuffled Maps =4
                Failed Shuffles=0
                Merged Map outputs=4
                GC time elapsed (ms)=213
                Total committed heap usage (bytes)=2748317696
        Shuffle Errors
                BAD_ID=0
                CONNECTION=0
                IO_ERROR=0
                WRONG_LENGTH=0
                WRONG_MAP=0
                WRONG_REDUCE=0
        File Input Format Counters 
                Bytes Read=5284231
        File Output Format Counters 
                Bytes Written=299379
root@7c8225d3a0d0:/hadoop-data/wordcount# 